app/build/outputs/logs/manifest-merger-debug-report.txt
-- Merging decision tree log ---
manifest
ADDED from src\main\AndroidManifest.xml:2:1-239:12
	package
		ADDED from src\main\AndroidManifest.xml:3:5-37
		INJECTED from src\main\AndroidManifest.xml
		INJECTED from src\main\AndroidManifest.xml
	android:versionName
		INJECTED from src\main\AndroidManifest.xml
		INJECTED from src\main\AndroidManifest.xml
	xmlns:android
		ADDED from src\main\AndroidManifest.xml:2:11-69
	android:versionCode
		INJECTED from src\main\AndroidManifest.xml
		INJECTED from src\main\AndroidManifest.xml
uses-permission#android.permission.CAMERA
ADDED from src\main\AndroidManifest.xml:5:5-65
	android:name
		ADDED from src\main\AndroidManifest.xml:5:22-62
uses-permission#android.permission.WRITE_EXTERNAL_STORAGE
ADDED from src\main\AndroidManifest.xml:6:5-81
MERGED from [com.iceteck.silicompressorr:silicompressor:1.1.0] AndroidManifest.xml:12:5-81
	android:name
		ADDED from src\main\AndroidManifest.xml:6:22-78
uses-permission#android.permission.READ_EXTERNAL_STORAGE
ADDED from src\main\AndroidManifest.xml:7:5-80
MERGED from [com.iceteck.silicompressorr:silicompressor:1.1.0] AndroidManifest.xml:11:5-80
	android:name
		ADDED from src\main\AndroidManifest.xml:7:22-77
uses-permission#android.permission.INTERNET
ADDED from src\main\AndroidManifest.xml:8:5-67
MERGED from [com.akexorcist:googledirectionlibrary:1.0.5] AndroidManifest.xml:11:5-67
MERGED from [com.google.android.gms:play-services-maps:10.0.1] AndroidManifest.xml:20:5-66
MERGED from [com.google.firebase:firebase-analytics:10.0.1] AndroidManifest.xml:20:5-66
MERGED from [com.google.firebase:firebase-analytics-impl:10.0.1] AndroidManifest.xml:20:5-66
MERGED from [com.google.firebase:firebase-iid:10.0.1] AndroidManifest.xml:20:5-66
	android:name
		ADDED from src\main\AndroidManifest.xml:8:22-64
uses-permission#android.permission.ACCESS_NETWORK_STATE
ADDED from src\main\AndroidManifest.xml:9:5-79
MERGED from [com.google.android.gms:play-services-maps:10.0.1] AndroidManifest.xml:19:5-78
MERGED from [com.google.firebase:firebase-analytics:10.0.1] AndroidManifest.xml:21:5-78
MERGED from [com.google.firebase:firebase-analytics-impl:10.0.1] AndroidManifest.xml:21:5-78
MERGED from [com.google.firebase:firebase-iid:10.0.1] AndroidManifest.xml:19:5-78
	android:name
		ADDED from src\main\AndroidManifest.xml:9:22-76
uses-permission#android.permission.RECORD_AUDIO
ADDED from src\main\AndroidManifest.xml:10:5-71
	android:name
		ADDED from src\main\AndroidManifest.xml:10:22-68
uses-permission#android.permission.RECEIVE_BOOT_COMPLETED
ADDED from src\main\AndroidManifest.xml:11:5-81
	android:name
		ADDED from src\main\AndroidManifest.xml:11:22-78
uses-permission#android.permission.MANAGE_DOCUMENTS
ADDED from src\main\AndroidManifest.xml:12:5-75
	android:name
		ADDED from src\main\AndroidManifest.xml:12:22-72
uses-permission#android.permission.ACCESS_COARSE_LOCATION
ADDED from src\main\AndroidManifest.xml:13:5-80
	android:name
		ADDED from src\main\AndroidManifest.xml:13:22-78
uses-permission#android.permission.ACCESS_FINE_LOCATION
ADDED from src\main\AndroidManifest.xml:14:5-78
	android:name
		ADDED from src\main\AndroidManifest.xml:14:22-76
uses-permission#android.permission.SEND_SMS
ADDED from src\main\AndroidManifest.xml:15:5-83
	android:name
		ADDED from src\main\AndroidManifest.xml:15:22-64
uses-permission#android.permission.READ_SMS
ADDED from src\main\AndroidManifest.xml:16:5-83
	android:name
		ADDED from src\main\AndroidManifest.xml:16:22-64
uses-permission#android.permission.RECEIVE_SMS
ADDED from src\main\AndroidManifest.xml:17:5-86
	android:name
		ADDED from src\main\AndroidManifest.xml:17:22-67
application
ADDED from src\main\AndroidManifest.xml:19:5-237:19
MERGED from [me.dm7.barcodescanner:zxing:1.9] AndroidManifest.xml:11:5-20
MERGED from [me.dm7.barcodescanner:core:1.9] AndroidManifest.xml:11:5-20
MERGED from [co.lujun:androidtagview:1.0.5] AndroidManifest.xml:11:5-12:19
MERGED from [com.sa90.materialarcmenu:library:1.5.0] AndroidManifest.xml:11:5-15:19
MERGED from [com.github.yalantis:Side-Menu.Android:1.0.1] AndroidManifest.xml:12:5-20
MERGED from [com.github.ozodrukh:CircularReveal:1.0.4] AndroidManifest.xml:10:5-20
MERGED from [com.yalantis:contextmenu:1.0.7] AndroidManifest.xml:11:5-12:19
MERGED from [com.github.DamanSingh4321:ProProgressViews:v1.0] AndroidManifest.xml:11:5-15:19
MERGED from [com.kofigyan.stateprogressbar:stateprogressbar:0.0.3] AndroidManifest.xml:11:5-14:19
MERGED from [com.github.michaldrabik:tapbarmenu:1.0.5] AndroidManifest.xml:11:5-15:19
MERGED from [com.gjiazhe:PanoramaImageView:1.0] AndroidManifest.xml:11:5-15:19
MERGED from [com.dmitrymalkovich.android:progress-fab:1.6] AndroidManifest.xml:11:5-13:44
MERGED from [com.nihaskalam.android:progress-button:1.0.1] AndroidManifest.xml:11:5-15:19
MERGED from [com.nightonke:boommenu:2.0.7] AndroidManifest.xml:11:5-14:19
MERGED from [de.hdodenhof:circleimageview:2.1.0] AndroidManifest.xml:9:5-20
MERGED from [com.jjoe64:graphview:4.2.1] AndroidManifest.xml:11:5-12:19
MERGED from [gr.escsoft.michaelprimez.searchablespinner:SearchableSpinner:1.0.4] AndroidManifest.xml:11:5-15:19
MERGED from [com.facebook.stetho:stetho:1.4.1] AndroidManifest.xml:11:5-20
MERGED from [com.android.support:design:25.1.0] AndroidManifest.xml:25:5-20
MERGED from [com.android.support:transition:25.1.0] AndroidManifest.xml:22:5-20
MERGED from [gr.escsoft.michaelprimez.revealedittext:RevealEditText:1.0.2] AndroidManifest.xml:11:5-15:19
MERGED from [com.android.support:cardview-v7:25.1.0] AndroidManifest.xml:22:5-20
MERGED from [com.amulyakhare:com.amulyakhare.textdrawable:1.0.1] AndroidManifest.xml:12:5-20
MERGED from [com.iceteck.silicompressorr:silicompressor:1.1.0] AndroidManifest.xml:14:5-18:19
MERGED from [com.android.support:appcompat-v7:25.1.1] AndroidManifest.xml:25:5-20
MERGED from [com.android.support:animated-vector-drawable:25.1.1] AndroidManifest.xml:22:5-20
MERGED from [com.android.support:support-vector-drawable:25.1.1] AndroidManifest.xml:23:5-20
MERGED from [com.android.support:palette-v7:23.4.0] AndroidManifest.xml:22:5-23:19
MERGED from [com.google.android.gms:play-services-maps:10.0.1] AndroidManifest.xml:24:5-19
MERGED from [com.google.android.gms:play-services-base:10.0.1] AndroidManifest.xml:18:5-20:19
MERGED from [com.google.firebase:firebase-core:10.0.1] AndroidManifest.xml:5:5-20
MERGED from [com.google.firebase:firebase-analytics:10.0.1] AndroidManifest.xml:24:5-33:19
MERGED from [com.google.firebase:firebase-analytics-impl:10.0.1] AndroidManifest.xml:24:5-28:19
MERGED from [com.google.firebase:firebase-iid:10.0.1] AndroidManifest.xml:28:5-50:19
MERGED from [com.google.firebase:firebase-common:10.0.1] AndroidManifest.xml:4:5-7:19
MERGED from [com.google.android.gms:play-services-tasks:10.0.1] AndroidManifest.xml:4:5-19
MERGED from [com.google.android.gms:play-services-basement:10.0.1] AndroidManifest.xml:19:5-21:19
MERGED from [com.android.support:support-v4:25.1.1] AndroidManifest.xml:25:5-20
MERGED from [com.android.support:support-fragment:25.1.1] AndroidManifest.xml:25:5-20
MERGED from [com.android.support:support-media-compat:25.1.1] AndroidManifest.xml:25:5-20
MERGED from [com.android.support:support-core-ui:25.1.1] AndroidManifest.xml:25:5-20
MERGED from [com.android.support:support-core-utils:25.1.1] AndroidManifest.xml:25:5-20
MERGED from [com.android.support:support-compat:25.1.1] AndroidManifest.xml:25:5-20
	android:label
		ADDED from src\main\AndroidManifest.xml:22:9-41
	android:supportsRtl
		ADDED from src\main\AndroidManifest.xml:24:9-35
	android:allowBackup
		ADDED from src\main\AndroidManifest.xml:20:9-35
	android:icon
		ADDED from src\main\AndroidManifest.xml:21:9-38
	android:largeHeap
		ADDED from src\main\AndroidManifest.xml:23:9-33
meta-data#com.google.android.gms.version
ADDED from src\main\AndroidManifest.xml:25:9-27:69
MERGED from [com.google.android.gms:play-services-basement:10.0.1] AndroidManifest.xml:20:9-121
	android:value
		ADDED from src\main\AndroidManifest.xml:27:13-66
	android:name
		ADDED from src\main\AndroidManifest.xml:26:13-58
meta-data#com.google.android.geo.API_KEY
ADDED from src\main\AndroidManifest.xml:28:9-30:71
	android:value
		ADDED from src\main\AndroidManifest.xml:30:13-68
	android:name
		ADDED from src\main\AndroidManifest.xml:29:13-58
activity#bluepanther.envirinsta.AA_home
ADDED from src\main\AndroidManifest.xml:33:9-40:20
	android:theme
		ADDED from src\main\AndroidManifest.xml:34:13-50
	android:name
		ADDED from src\main\AndroidManifest.xml:33:19-42
intent-filter#android.intent.action.MAIN+android.intent.category.LAUNCHER
ADDED from src\main\AndroidManifest.xml:35:13-39:29
action#android.intent.action.MAIN
ADDED from src\main\AndroidManifest.xml:36:17-69
	android:name
		ADDED from src\main\AndroidManifest.xml:36:25-66
category#android.intent.category.LAUNCHER
ADDED from src\main\AndroidManifest.xml:38:17-77
	android:name
		ADDED from src\main\AndroidManifest.xml:38:27-74
activity#bluepanther.envirinsta.Signing.Comer_Sign_Up
ADDED from src\main\AndroidManifest.xml:43:9-107
	android:theme
		ADDED from src\main\AndroidManifest.xml:43:57-95
	android:name
		ADDED from src\main\AndroidManifest.xml:43:19-56
activity#bluepanther.envirinsta.Signing.WelcomeActivity
ADDED from src\main\AndroidManifest.xml:45:9-49:20
	android:theme
		ADDED from src\main\AndroidManifest.xml:47:13-51
	android:name
		ADDED from src\main\AndroidManifest.xml:46:13-52
activity#bluepanther.envirinsta.Signing.Sign_Up
ADDED from src\main\AndroidManifest.xml:50:9-52:53
	android:theme
		ADDED from src\main\AndroidManifest.xml:52:13-50
	android:name
		ADDED from src\main\AndroidManifest.xml:51:13-44
activity#bluepanther.envirinsta.Signing.Sign_In
ADDED from src\main\AndroidManifest.xml:53:9-55:20
	android:theme
		ADDED from src\main\AndroidManifest.xml:53:51-88
	android:name
		ADDED from src\main\AndroidManifest.xml:53:19-50
activity#bluepanther.envirinsta.ContentDisp.imgdisp
ADDED from src\main\AndroidManifest.xml:58:9-60:54
	android:theme
		ADDED from src\main\AndroidManifest.xml:60:13-51
	android:name
		ADDED from src\main\AndroidManifest.xml:59:13-48
activity#bluepanther.envirinsta.ContentDisp.txtdisp
ADDED from src\main\AndroidManifest.xml:63:9-65:54
	android:theme
		ADDED from src\main\AndroidManifest.xml:65:13-51
	android:name
		ADDED from src\main\AndroidManifest.xml:64:13-48
activity#bluepanther.envirinsta.Timeline.SpaceView
ADDED from src\main\AndroidManifest.xml:66:9-68:47
	android:theme
		ADDED from src\main\AndroidManifest.xml:68:13-44
	android:name
		ADDED from src\main\AndroidManifest.xml:67:13-47
activity#bluepanther.envirinsta.Sharing.Out_Share
ADDED from src\main\AndroidManifest.xml:69:9-107:20
	android:theme
		ADDED from src\main\AndroidManifest.xml:71:13-44
	android:name
		ADDED from src\main\AndroidManifest.xml:70:13-46
intent-filter#android.intent.action.SEND+android.intent.category.DEFAULT
ADDED from src\main\AndroidManifest.xml:72:13-78:29
action#android.intent.action.SEND
ADDED from src\main\AndroidManifest.xml:73:17-69
	android:name
		ADDED from src\main\AndroidManifest.xml:73:25-66
category#android.intent.category.DEFAULT
ADDED from src\main\AndroidManifest.xml:75:17-76
	android:name
		ADDED from src\main\AndroidManifest.xml:75:27-73
data
ADDED from src\main\AndroidManifest.xml:77:17-52
	android:mimeType
		ADDED from src\main\AndroidManifest.xml:77:23-49
intent-filter#android.intent.action.SEND_MULTIPLE+android.intent.category.DEFAULT
ADDED from src\main\AndroidManifest.xml:79:13-85:29
action#android.intent.action.SEND_MULTIPLE
ADDED from src\main\AndroidManifest.xml:80:17-78
	android:name
		ADDED from src\main\AndroidManifest.xml:80:25-75
service#bluepanther.envirinsta.Services.MyService
ADDED from src\main\AndroidManifest.xml:109:9-113:44
	android:enabled
		ADDED from src\main\AndroidManifest.xml:111:13-35
	android:exported
		ADDED from src\main\AndroidManifest.xml:112:13-37
	android:stopWithTask
		ADDED from src\main\AndroidManifest.xml:113:13-41
	android:name
		ADDED from src\main\AndroidManifest.xml:110:13-47
receiver#bluepanther.envirinsta.Services.BootReciever
ADDED from src\main\AndroidManifest.xml:115:9-124:20
	android:enabled
		ADDED from src\main\AndroidManifest.xml:117:13-35
	android:exported
		ADDED from src\main\AndroidManifest.xml:118:13-37
	android:name
		ADDED from src\main\AndroidManifest.xml:116:13-50
intent-filter#android.intent.action.BOOT_COMPLETED+android.intent.action.QUICKBOOT_POWERON+bluepanther.jiljungjuk
ADDED from src\main\AndroidManifest.xml:119:13-123:29
action#bluepanther.jiljungjuk
ADDED from src\main\AndroidManifest.xml:120:17-65
	android:name
		ADDED from src\main\AndroidManifest.xml:120:25-62
action#android.intent.action.BOOT_COMPLETED
ADDED from src\main\AndroidManifest.xml:121:17-79
	android:name
		ADDED from src\main\AndroidManifest.xml:121:25-76
action#android.intent.action.QUICKBOOT_POWERON
ADDED from src\main\AndroidManifest.xml:122:17-82
	android:name
		ADDED from src\main\AndroidManifest.xml:122:25-79
activity#bluepanther.envirinsta.Contacts.Contacts
ADDED from src\main\AndroidManifest.xml:126:9-128:47
	android:theme
		ADDED from src\main\AndroidManifest.xml:128:13-44
	android:name
		ADDED from src\main\AndroidManifest.xml:127:13-46
activity#bluepanther.envirinsta.Profile.Profile_new
ADDED from src\main\AndroidManifest.xml:129:9-131:56
	android:theme
		ADDED from src\main\AndroidManifest.xml:131:13-44
	android:name
		ADDED from src\main\AndroidManifest.xml:130:13-48
activity#bluepanther.envirinsta.Profile.Profile
ADDED from src\main\AndroidManifest.xml:132:9-134:47
	android:theme
		ADDED from src\main\AndroidManifest.xml:134:13-44
	android:name
		ADDED from src\main\AndroidManifest.xml:133:13-44
activity#bluepanther.envirinsta.Signing.MainActivity
ADDED from src\main\AndroidManifest.xml:135:9-137:56
	android:theme
		ADDED from src\main\AndroidManifest.xml:137:13-44
	android:name
		ADDED from src\main\AndroidManifest.xml:136:13-49
activity#bluepanther.envirinsta.Timeline.Timeline_new
ADDED from src\main\AndroidManifest.xml:138:9-141:47
	android:launchMode
		ADDED from src\main\AndroidManifest.xml:140:13-43
	android:theme
		ADDED from src\main\AndroidManifest.xml:141:13-44
	android:name
		ADDED from src\main\AndroidManifest.xml:139:13-50
activity#bluepanther.envirinsta.Reports.Reports_filter
ADDED from src\main\AndroidManifest.xml:142:9-144:47
	android:theme
		ADDED from src\main\AndroidManifest.xml:144:13-44
	android:name
		ADDED from src\main\AndroidManifest.xml:143:13-51
activity#bluepanther.envirinsta.Discussions.Dis_text
ADDED from src\main\AndroidManifest.xml:145:9-147:47
	android:theme
		ADDED from src\main\AndroidManifest.xml:147:13-44
	android:name
		ADDED from src\main\AndroidManifest.xml:146:13-49
activity#bluepanther.envirinsta.Discussions.Dis_image
ADDED from src\main\AndroidManifest.xml:148:9-150:47
	android:theme
		ADDED from src\main\AndroidManifest.xml:150:13-44
	android:name
		ADDED from src\main\AndroidManifest.xml:149:13-50
activity#bluepanther.envirinsta.Discussions.Dis_audio
ADDED from src\main\AndroidManifest.xml:151:9-153:47
	android:theme
		ADDED from src\main\AndroidManifest.xml:153:13-44
	android:name
		ADDED from src\main\AndroidManifest.xml:152:13-50
activity#bluepanther.envirinsta.Discussions.Dis_video
ADDED from src\main\AndroidManifest.xml:154:9-156:47
	android:theme
		ADDED from src\main\AndroidManifest.xml:156:13-44
	android:name
		ADDED from src\main\AndroidManifest.xml:155:13-50
activity#bluepanther.envirinsta.Discussions.Dis_files
ADDED from src\main\AndroidManifest.xml:157:9-159:47
	android:theme
		ADDED from src\main\AndroidManifest.xml:159:13-44
	android:name
		ADDED from src\main\AndroidManifest.xml:158:13-50
activity#bluepanther.envirinsta.NGO_Grid.NgoAct
ADDED from src\main\AndroidManifest.xml:160:9-162:53
	android:theme
		ADDED from src\main\AndroidManifest.xml:162:13-50
	android:name
		ADDED from src\main\AndroidManifest.xml:161:13-44
activity#bluepanther.envirinsta.NGO_Grid.NGO
ADDED from src\main\AndroidManifest.xml:163:9-165:53
	android:theme
		ADDED from src\main\AndroidManifest.xml:165:13-50
	android:name
		ADDED from src\main\AndroidManifest.xml:164:13-41
activity#bluepanther.envirinsta.NGO_Grid.NGO_user_page
ADDED from src\main\AndroidManifest.xml:166:9-168:53
	android:theme
		ADDED from src\main\AndroidManifest.xml:168:13-50
	android:name
		ADDED from src\main\AndroidManifest.xml:167:13-51
activity#bluepanther.envirinsta.Timeline.Timeline
ADDED from src\main\AndroidManifest.xml:169:9-173:54
	android:launchMode
		ADDED from src\main\AndroidManifest.xml:171:13-43
	android:windowSoftInputMode
		ADDED from src\main\AndroidManifest.xml:173:13-52
	android:theme
		ADDED from src\main\AndroidManifest.xml:172:13-44
	android:name
		ADDED from src\main\AndroidManifest.xml:170:13-46
activity#bluepanther.envirinsta.Reports.Reports_new
ADDED from src\main\AndroidManifest.xml:174:9-176:47
	android:theme
		ADDED from src\main\AndroidManifest.xml:176:13-44
	android:name
		ADDED from src\main\AndroidManifest.xml:175:13-48
activity#bluepanther.envirinsta.Contacts.Contacts2
ADDED from src\main\AndroidManifest.xml:177:9-180:53
	android:exported
		ADDED from src\main\AndroidManifest.xml:179:13-36
	android:theme
		ADDED from src\main\AndroidManifest.xml:180:13-50
	android:name
		ADDED from src\main\AndroidManifest.xml:178:13-47
activity#bluepanther.envirinsta.NGO_Grid.ShowMap
ADDED from src\main\AndroidManifest.xml:181:9-63
	android:name
		ADDED from src\main\AndroidManifest.xml:181:19-51
activity#bluepanther.envirinsta.Discussions.MapShowActivity
ADDED from src\main\AndroidManifest.xml:183:9-184:56
	android:theme
		ADDED from src\main\AndroidManifest.xml:184:13-44
	android:name
		ADDED from src\main\AndroidManifest.xml:183:19-62
activity#bluepanther.envirinsta.Officials.Off_Dis_image
ADDED from src\main\AndroidManifest.xml:186:9-187:56
	android:theme
		ADDED from src\main\AndroidManifest.xml:187:13-44
	android:name
		ADDED from src\main\AndroidManifest.xml:186:19-58
activity#bluepanther.envirinsta.Officials.Off_Dis_audio
ADDED from src\main\AndroidManifest.xml:189:9-190:56
	android:theme
		ADDED from src\main\AndroidManifest.xml:190:13-44
	android:name
		ADDED from src\main\AndroidManifest.xml:189:19-58
activity#bluepanther.envirinsta.Officials.Off_Dis_files
ADDED from src\main\AndroidManifest.xml:192:9-193:56
	android:theme
		ADDED from src\main\AndroidManifest.xml:193:13-44
	android:name
		ADDED from src\main\AndroidManifest.xml:192:19-58
activity#bluepanther.envirinsta.Officials.Off_Dis_text
ADDED from src\main\AndroidManifest.xml:195:9-196:56
	android:theme
		ADDED from src\main\AndroidManifest.xml:196:13-44
	android:name
		ADDED from src\main\AndroidManifest.xml:195:19-57
activity#bluepanther.envirinsta.Officials.Off_Dis_video
ADDED from src\main\AndroidManifest.xml:198:9-199:56
	android:theme
		ADDED from src\main\AndroidManifest.xml:199:13-44
	android:name
		ADDED from src\main\AndroidManifest.xml:198:19-58
activity#bluepanther.envirinsta.Signing.Off_Sign_Up
ADDED from src\main\AndroidManifest.xml:200:9-201:62
	android:theme
		ADDED from src\main\AndroidManifest.xml:201:13-50
	android:name
		ADDED from src\main\AndroidManifest.xml:200:19-54
activity#bluepanther.envirinsta.Commercial.Commercial_page1
ADDED from src\main\AndroidManifest.xml:203:9-207:20
	android:theme
		ADDED from src\main\AndroidManifest.xml:204:13-44
	android:name
		ADDED from src\main\AndroidManifest.xml:203:19-62
activity#bluepanther.envirinsta.Commercial.Commercial_page2
ADDED from src\main\AndroidManifest.xml:209:9-210:56
	android:theme
		ADDED from src\main\AndroidManifest.xml:210:13-44
	android:name
		ADDED from src\main\AndroidManifest.xml:209:19-62
activity#bluepanther.envirinsta.Commercial.Commercial_Dis_image
ADDED from src\main\AndroidManifest.xml:212:9-213:56
	android:theme
		ADDED from src\main\AndroidManifest.xml:213:13-44
	android:name
		ADDED from src\main\AndroidManifest.xml:212:19-66
activity#bluepanther.envirinsta.LeaderBoards.Off_leaderboards
ADDED from src\main\AndroidManifest.xml:215:9-216:56
	android:theme
		ADDED from src\main\AndroidManifest.xml:216:13-44
	android:name
		ADDED from src\main\AndroidManifest.xml:215:19-64
activity#bluepanther.envirinsta.Stats.Off_stats
ADDED from src\main\AndroidManifest.xml:218:9-219:56
	android:theme
		ADDED from src\main\AndroidManifest.xml:219:13-44
	android:name
		ADDED from src\main\AndroidManifest.xml:218:19-50
activity#bluepanther.envirinsta.LeaderBoards.User_leaderboards
ADDED from src\main\AndroidManifest.xml:221:9-222:56
	android:theme
		ADDED from src\main\AndroidManifest.xml:222:13-44
	android:name
		ADDED from src\main\AndroidManifest.xml:221:19-65
activity#bluepanther.envirinsta.Stats.User_stats
ADDED from src\main\AndroidManifest.xml:224:9-225:56
	android:theme
		ADDED from src\main\AndroidManifest.xml:225:13-44
	android:name
		ADDED from src\main\AndroidManifest.xml:224:19-51
activity#bluepanther.envirinsta.Officials.Off_Home
ADDED from src\main\AndroidManifest.xml:227:9-230:20
	android:theme
		ADDED from src\main\AndroidManifest.xml:228:13-44
	android:name
		ADDED from src\main\AndroidManifest.xml:227:19-53
activity#bluepanther.envirinsta.Travel.Travel
ADDED from src\main\AndroidManifest.xml:231:9-234:20
	android:theme
		ADDED from src\main\AndroidManifest.xml:232:13-44
	android:name
		ADDED from src\main\AndroidManifest.xml:231:19-48
uses-sdk
INJECTED from src\main\AndroidManifest.xml reason: use-sdk injection requested
MERGED from [me.dm7.barcodescanner:zxing:1.9] AndroidManifest.xml:7:5-9:41
MERGED from [me.dm7.barcodescanner:core:1.9] AndroidManifest.xml:7:5-9:41
MERGED from [co.lujun:androidtagview:1.0.5] AndroidManifest.xml:7:5-9:41
MERGED from [com.sa90.materialarcmenu:library:1.5.0] AndroidManifest.xml:7:5-9:41
MERGED from [com.github.yalantis:Side-Menu.Android:1.0.1] AndroidManifest.xml:8:5-10:41
MERGED from [com.google.firebase:firebase-database:10.0.1] AndroidManifest.xml:3:5-42
MERGED from [com.google.firebase:firebase-database-connection:10.0.1] AndroidManifest.xml:3:5-42
MERGED from [com.github.ozodrukh:CircularReveal:1.0.4] AndroidManifest.xml:6:5-8:41
MERGED from [com.yalantis:contextmenu:1.0.7] AndroidManifest.xml:7:5-9:41
MERGED from [com.github.DamanSingh4321:ProProgressViews:v1.0] AndroidManifest.xml:7:5-9:41
MERGED from [com.github.armcha:SpaceNavigationView:1.4.1] AndroidManifest.xml:8:5-10:41
MERGED from [com.specyci:residemenu:1.6] AndroidManifest.xml:7:5-9:41
MERGED from [com.l4digital.fastscroll:fastscroll:1.0.1] AndroidManifest.xml:23:5-25:41
MERGED from [com.kofigyan.stateprogressbar:stateprogressbar:0.0.3] AndroidManifest.xml:7:5-9:41
MERGED from [com.github.michaldrabik:tapbarmenu:1.0.5] AndroidManifest.xml:7:5-9:41
MERGED from [com.wnafee:vector-compat:1.0.5] AndroidManifest.xml:7:5-9:41
MERGED from [com.gjiazhe:PanoramaImageView:1.0] AndroidManifest.xml:7:5-9:41
MERGED from [com.dmitrymalkovich.android:progress-fab:1.6] AndroidManifest.xml:7:5-9:41
MERGED from [com.nihaskalam.android:progress-button:1.0.1] AndroidManifest.xml:7:5-9:41
MERGED from [com.github.alamkanak:android-week-view:1.2.6] AndroidManifest.xml:5:5-7:41
MERGED from [com.nightonke:boommenu:2.0.7] AndroidManifest.xml:7:5-9:41
MERGED from [com.jaredrummler:material-spinner:1.1.0] AndroidManifest.xml:21:5-23:41
MERGED from [de.hdodenhof:circleimageview:2.1.0] AndroidManifest.xml:5:5-7:41
MERGED from [id.zelory:compressor:1.0.4] AndroidManifest.xml:8:5-10:41
MERGED from [com.jjoe64:graphview:4.2.1] AndroidManifest.xml:7:5-9:41
MERGED from [io.reactivex:rxandroid:1.2.1] AndroidManifest.xml:19:5-43
MERGED from [gr.escsoft.michaelprimez.searchablespinner:SearchableSpinner:1.0.4] AndroidManifest.xml:7:5-9:41
MERGED from [com.facebook.stetho:stetho:1.4.1] AndroidManifest.xml:7:5-9:41
MERGED from [com.android.support:design:25.1.0] AndroidManifest.xml:21:5-23:62
MERGED from [com.android.support:recyclerview-v7:25.1.0] AndroidManifest.xml:20:5-43
MERGED from [com.android.support:transition:25.1.0] AndroidManifest.xml:20:5-44
MERGED from [gr.escsoft.michaelprimez.revealedittext:RevealEditText:1.0.2] AndroidManifest.xml:7:5-9:41
MERGED from [com.android.support:cardview-v7:25.1.0] AndroidManifest.xml:20:5-43
MERGED from [com.joanzapata.iconify:android-iconify-material:2.2.2] AndroidManifest.xml:6:5-43
MERGED from [com.joanzapata.iconify:android-iconify:2.2.2] AndroidManifest.xml:6:5-43
MERGED from [com.amulyakhare:com.amulyakhare.textdrawable:1.0.1] AndroidManifest.xml:8:5-10:41
MERGED from [com.iceteck.silicompressorr:silicompressor:1.1.0] AndroidManifest.xml:7:5-9:41
MERGED from [com.firebaseui:firebase-ui-storage:0.6.0] AndroidManifest.xml:7:5-9:41
MERGED from [com.android.support:appcompat-v7:25.1.1] AndroidManifest.xml:21:5-23:78
MERGED from [com.android.support:animated-vector-drawable:25.1.1] AndroidManifest.xml:20:5-44
MERGED from [com.android.support:support-vector-drawable:25.1.1] AndroidManifest.xml:21:5-43
MERGED from [com.android.support:palette-v7:23.4.0] AndroidManifest.xml:20:5-43
MERGED from [com.google.firebase:firebase-storage:10.0.1] AndroidManifest.xml:3:5-42
MERGED from [com.google.firebase:firebase-storage-common:10.0.1] AndroidManifest.xml:3:5-42
MERGED from [com.akexorcist:googledirectionlibrary:1.0.5] AndroidManifest.xml:7:5-9:41
MERGED from [com.google.android.gms:play-services-maps:10.0.1] AndroidManifest.xml:23:5-42
MERGED from [com.google.android.gms:play-services-base:10.0.1] AndroidManifest.xml:17:5-42
MERGED from [com.google.firebase:firebase-core:10.0.1] AndroidManifest.xml:4:5-42
MERGED from [com.google.firebase:firebase-analytics:10.0.1] AndroidManifest.xml:17:5-42
MERGED from [com.google.firebase:firebase-analytics-impl:10.0.1] AndroidManifest.xml:17:5-42
MERGED from [com.google.firebase:firebase-iid:10.0.1] AndroidManifest.xml:17:5-42
MERGED from [com.google.firebase:firebase-common:10.0.1] AndroidManifest.xml:3:5-42
MERGED from [com.google.android.gms:play-services-tasks:10.0.1] AndroidManifest.xml:3:5-42
MERGED from [com.google.android.gms:play-services-basement:10.0.1] AndroidManifest.xml:17:5-42
MERGED from [com.android.support:support-v4:25.1.1] AndroidManifest.xml:21:5-23:54
MERGED from [com.android.support:support-fragment:25.1.1] AndroidManifest.xml:21:5-23:60
MERGED from [com.android.support:support-media-compat:25.1.1] AndroidManifest.xml:21:5-23:63
MERGED from [com.android.support:support-core-ui:25.1.1] AndroidManifest.xml:21:5-23:58
MERGED from [com.android.support:support-core-utils:25.1.1] AndroidManifest.xml:21:5-23:61
MERGED from [com.android.support:support-compat:25.1.1] AndroidManifest.xml:21:5-23:58
	tools:overrideLibrary
		ADDED from [com.android.support:design:25.1.0] AndroidManifest.xml:23:9-59
	android:targetSdkVersion
		INJECTED from src\main\AndroidManifest.xml
		INJECTED from src\main\AndroidManifest.xml
	android:minSdkVersion
		INJECTED from src\main\AndroidManifest.xml
		INJECTED from src\main\AndroidManifest.xml
uses-feature#0x00020000
ADDED from [com.google.android.gms:play-services-maps:10.0.1] AndroidManifest.xml:21:5-77
	android:glEsVersion
		ADDED from [com.google.android.gms:play-services-maps:10.0.1] AndroidManifest.xml:21:19-51
	android:required
		ADDED from [com.google.android.gms:play-services-maps:10.0.1] AndroidManifest.xml:21:52-75
activity#com.google.android.gms.common.api.GoogleApiActivity
ADDED from [com.google.android.gms:play-services-base:10.0.1] AndroidManifest.xml:19:9-172
	android:exported
		ADDED from [com.google.android.gms:play-services-base:10.0.1] AndroidManifest.xml:19:146-170
	android:theme
		ADDED from [com.google.android.gms:play-services-base:10.0.1] AndroidManifest.xml:19:86-145
	android:name
		ADDED from [com.google.android.gms:play-services-base:10.0.1] AndroidManifest.xml:19:19-85
uses-permission#android.permission.WAKE_LOCK
ADDED from [com.google.firebase:firebase-analytics:10.0.1] AndroidManifest.xml:22:5-67
MERGED from [com.google.firebase:firebase-analytics-impl:10.0.1] AndroidManifest.xml:22:5-67
MERGED from [com.google.firebase:firebase-iid:10.0.1] AndroidManifest.xml:21:5-67
	android:name
		ADDED from [com.google.firebase:firebase-analytics:10.0.1] AndroidManifest.xml:22:22-65
receiver#com.google.android.gms.measurement.AppMeasurementReceiver
ADDED from [com.google.firebase:firebase-analytics:10.0.1] AndroidManifest.xml:25:7-26:18
MERGED from [com.google.firebase:firebase-analytics-impl:10.0.1] AndroidManifest.xml:25:7-26:18
	android:enabled
		ADDED from [com.google.firebase:firebase-analytics:10.0.1] AndroidManifest.xml:25:90-112
	android:exported
		ADDED from [com.google.firebase:firebase-analytics:10.0.1] AndroidManifest.xml:25:113-137
	android:name
		ADDED from [com.google.firebase:firebase-analytics:10.0.1] AndroidManifest.xml:25:17-89
receiver#com.google.android.gms.measurement.AppMeasurementInstallReferrerReceiver
ADDED from [com.google.firebase:firebase-analytics:10.0.1] AndroidManifest.xml:27:7-31:18
	android:enabled
		ADDED from [com.google.firebase:firebase-analytics:10.0.1] AndroidManifest.xml:27:162-184
	android:permission
		ADDED from [com.google.firebase:firebase-analytics:10.0.1] AndroidManifest.xml:27:105-161
	android:name
		ADDED from [com.google.firebase:firebase-analytics:10.0.1] AndroidManifest.xml:27:17-104
intent-filter#com.android.vending.INSTALL_REFERRER
ADDED from [com.google.firebase:firebase-analytics:10.0.1] AndroidManifest.xml:28:11-30:27
action#com.android.vending.INSTALL_REFERRER
ADDED from [com.google.firebase:firebase-analytics:10.0.1] AndroidManifest.xml:29:15-76
	android:name
		ADDED from [com.google.firebase:firebase-analytics:10.0.1] AndroidManifest.xml:29:23-74
service#com.google.android.gms.measurement.AppMeasurementService
ADDED from [com.google.firebase:firebase-analytics:10.0.1] AndroidManifest.xml:32:7-137
MERGED from [com.google.firebase:firebase-analytics-impl:10.0.1] AndroidManifest.xml:27:7-137
	android:enabled
		ADDED from [com.google.firebase:firebase-analytics:10.0.1] AndroidManifest.xml:32:88-110
	android:exported